[0728/173829.121:ERROR:settings.cc(263)] Settings version is not 1
[0728/175232.801:WARNING:chrome_main_delegate.cc(569)] final extension: .js
[0728/180334.779:WARNING:chrome_main_delegate.cc(569)] final extension: .js
[0728/183131.028:WARNING:chrome_main_delegate.cc(569)] final extension: .js
[0728/183503.330:ERROR:settings.cc(263)] Settings version is not 1
[0728/183535.658:WARNING:chrome_main_delegate.cc(569)] final extension: .js
[0728/185714.143:WARNING:chrome_main_delegate.cc(569)] final extension: .js
[0728/191601.341:WARNING:chrome_main_delegate.cc(569)] final extension: .js
[0728/194754.088:WARNING:chrome_main_delegate.cc(569)] final extension: .js
[0728/201241.132:ERROR:settings.cc(263)] Settings version is not 1
[0728/201250.032:WARNING:chrome_main_delegate.cc(569)] final extension: .js
[0728/202940.769:WARNING:chrome_main_delegate.cc(569)] final extension: .js
[0728/203155.966:ERROR:settings.cc(263)] Settings version is not 1
[0728/203213.959:WARNING:chrome_main_delegate.cc(569)] final extension: .js
[0728/203244.830:WARNING:chrome_main_delegate.cc(569)] final extension: .js
[0728/204403.879:WARNING:chrome_main_delegate.cc(569)] final extension: .js
[0728/205812.331:WARNING:chrome_main_delegate.cc(569)] final extension: .js
[0728/210211.552:WARNING:chrome_main_delegate.cc(569)] final extension: .js
[0728/211120.769:WARNING:chrome_main_delegate.cc(569)] final extension: .js
[0728/211155.138:WARNING:chrome_main_delegate.cc(569)] final extension: .js
[0728/211501.360:WARNING:chrome_main_delegate.cc(569)] final extension: .js
[0728/211531.071:WARNING:chrome_main_delegate.cc(569)] final extension: .js
[0728/211615.890:WARNING:chrome_main_delegate.cc(569)] final extension: .js
[0728/211741.363:WARNING:chrome_main_delegate.cc(569)] final extension: .js
[0728/212755.022:WARNING:chrome_main_delegate.cc(569)] final extension: .js
[0728/213853.547:WARNING:chrome_main_delegate.cc(569)] final extension: .js
[0728/214040.601:WARNING:chrome_main_delegate.cc(569)] final extension: .js
[0728/214235.264:WARNING:chrome_main_delegate.cc(569)] final extension: .js
[0728/215059.861:WARNING:chrome_main_delegate.cc(569)] final extension: .js
[0728/220809.680:WARNING:chrome_main_delegate.cc(569)] final extension: .js
[0728/221520.802:WARNING:chrome_main_delegate.cc(569)] final extension: .js
[0728/221729.028:WARNING:chrome_main_delegate.cc(569)] final extension: .js
[0728/221914.692:WARNING:chrome_main_delegate.cc(569)] final extension: .js
[0728/225306.252:ERROR:settings.cc(263)] Settings version is not 1
[0728/225312.897:WARNING:chrome_main_delegate.cc(569)] final extension: .js
[0728/231228.238:WARNING:chrome_main_delegate.cc(569)] final extension: .js
[0728/232030.316:WARNING:chrome_main_delegate.cc(569)] final extension: .js
[0728/234531.313:WARNING:chrome_main_delegate.cc(569)] final extension: .js
[0729/001003.209:WARNING:chrome_main_delegate.cc(569)] final extension: .js
[0729/003025.315:WARNING:chrome_main_delegate.cc(569)] final extension: .js
[0729/005458.608:WARNING:chrome_main_delegate.cc(569)] final extension: .js
[0729/005622.802:WARNING:chrome_main_delegate.cc(569)] final extension: .js
[0729/010116.389:WARNING:chrome_main_delegate.cc(569)] final extension: .js
[0729/010741.380:WARNING:chrome_main_delegate.cc(569)] final extension: .js
[0729/011719.563:WARNING:chrome_main_delegate.cc(569)] final extension: .js
[0729/012821.313:ERROR:settings.cc(263)] Settings version is not 1
[0729/013407.032:WARNING:chrome_main_delegate.cc(569)] final extension: .js
[0729/013719.596:ERROR:settings.cc(263)] Settings version is not 1
[0729/021116.741:WARNING:chrome_main_delegate.cc(569)] final extension: .js
[0729/023359.915:WARNING:chrome_main_delegate.cc(569)] final extension: .js
[0729/023910.566:WARNING:chrome_main_delegate.cc(569)] final extension: .js
[0729/023936.134:WARNING:chrome_main_delegate.cc(569)] final extension: .js
[0729/024050.066:WARNING:chrome_main_delegate.cc(569)] final extension: .js
[0729/025059.843:WARNING:chrome_main_delegate.cc(569)] final extension: .js
[0729/025153.919:WARNING:chrome_main_delegate.cc(569)] final extension: .js
[0729/025347.210:WARNING:chrome_main_delegate.cc(569)] final extension: .js
[0729/030322.186:WARNING:chrome_main_delegate.cc(569)] final extension: .js
[0729/030556.479:WARNING:chrome_main_delegate.cc(569)] final extension: .js
[0729/031226.810:ERROR:settings.cc(263)] Settings version is not 1
[0729/031230.426:WARNING:chrome_main_delegate.cc(569)] final extension: .js
[0729/033636.911:ERROR:settings.cc(263)] Settings version is not 1
[0729/034052.925:WARNING:chrome_main_delegate.cc(569)] final extension: .js
[0729/034120.776:WARNING:chrome_main_delegate.cc(569)] final extension: .js
[0729/034210.084:WARNING:chrome_main_delegate.cc(569)] final extension: .js
[0729/034301.077:WARNING:chrome_main_delegate.cc(569)] final extension: .js
[0729/034548.872:WARNING:chrome_main_delegate.cc(569)] final extension: .js
[0729/034637.795:WARNING:chrome_main_delegate.cc(569)] final extension: .js
[0729/034712.871:WARNING:chrome_main_delegate.cc(569)] final extension: .js
[0729/035015.361:WARNING:chrome_main_delegate.cc(569)] final extension: .js
[0729/040143.198:WARNING:chrome_main_delegate.cc(569)] final extension: .js
[0729/040901.571:WARNING:chrome_main_delegate.cc(569)] final extension: .js
[0729/140503.491:WARNING:chrome_main_delegate.cc(569)] final extension: .js
[0729/140956.828:WARNING:chrome_main_delegate.cc(569)] final extension: .js
[0729/141059.693:WARNING:chrome_main_delegate.cc(569)] final extension: .js
[0729/141226.019:WARNING:chrome_main_delegate.cc(569)] final extension: .js
[0729/141306.170:WARNING:chrome_main_delegate.cc(569)] final extension: .js
[0729/141351.152:WARNING:chrome_main_delegate.cc(569)] final extension: .js
[0729/141720.974:WARNING:chrome_main_delegate.cc(569)] final extension: .js
[0729/142032.185:WARNING:chrome_main_delegate.cc(569)] final extension: .js
[0729/142206.727:WARNING:chrome_main_delegate.cc(569)] final extension: .js
[0729/142549.048:WARNING:chrome_main_delegate.cc(569)] final extension: .js
[0729/144903.777:WARNING:chrome_main_delegate.cc(569)] final extension: .js
[0729/145245.909:WARNING:chrome_main_delegate.cc(569)] final extension: .js
[0729/145434.511:WARNING:chrome_main_delegate.cc(569)] final extension: .js
[0729/145847.701:ERROR:settings.cc(263)] Settings version is not 1
[0729/145958.103:WARNING:chrome_main_delegate.cc(569)] final extension: .js
[0729/153506.855:WARNING:chrome_main_delegate.cc(569)] final extension: .js
[0729/154105.280:WARNING:chrome_main_delegate.cc(569)] final extension: .js
[0729/161004.246:WARNING:chrome_main_delegate.cc(569)] final extension: .js
[0729/161409.006:WARNING:chrome_main_delegate.cc(569)] final extension: .js
[0729/161444.110:WARNING:chrome_main_delegate.cc(569)] final extension: .js
[0729/162250.289:WARNING:chrome_main_delegate.cc(569)] final extension: .js
[0729/162438.611:WARNING:chrome_main_delegate.cc(569)] final extension: .js
[0729/162716.293:WARNING:chrome_main_delegate.cc(569)] final extension: .js
[0729/165709.603:WARNING:chrome_main_delegate.cc(569)] final extension: .js
[0729/171125.662:WARNING:chrome_main_delegate.cc(569)] final extension: .js
[0729/171501.769:WARNING:chrome_main_delegate.cc(569)] final extension: .js
[0729/171826.310:WARNING:chrome_main_delegate.cc(569)] final extension: .discordbot
[0729/171831.294:WARNING:chrome_main_delegate.cc(569)] final extension: .discordbot
[0729/171834.386:WARNING:chrome_main_delegate.cc(569)] final extension: .discordbot
[0729/171838.454:WARNING:chrome_main_delegate.cc(569)] final extension: .discordbot
[0729/171838.810:WARNING:chrome_main_delegate.cc(569)] final extension: .discordbot
[0729/171902.019:WARNING:chrome_main_delegate.cc(569)] final extension: .discordbot
[0729/171903.805:WARNING:chrome_main_delegate.cc(569)] final extension: .discordbot
[0729/171904.516:ERROR:process_info.cc(349)] VirtualQueryEx: Odmowa dostêpu. (0x5)
[0729/171904.517:ERROR:process_info.cc(570)] ReadMemoryInfo failed
[0729/171904.519:ERROR:process_reader_win.cc(151)] SuspendThread: Odmowa dostêpu. (0x5)
[0729/171904.519:ERROR:exception_snapshot_win.cc(87)] thread ID 12620 not found in process
[0729/171904.519:WARNING:crash_report_exception_handler.cc(62)] ProcessSnapshotWin::Initialize failed
[0729/171904.520:ERROR:scoped_process_suspend.cc(39)] NtResumeProcess: Podjêto próbê uzyskania dostêpu do procesu koñcz¹cego dzia³anie.  (0xc000010a)
[0729/171904.764:WARNING:chrome_main_delegate.cc(569)] final extension: .discordbot
[0729/171905.494:ERROR:process_info.cc(349)] VirtualQueryEx: Odmowa dostêpu. (0x5)
[0729/171905.495:ERROR:process_info.cc(570)] ReadMemoryInfo failed
[0729/171905.497:ERROR:process_reader_win.cc(151)] SuspendThread: Odmowa dostêpu. (0x5)
[0729/171905.497:ERROR:exception_snapshot_win.cc(87)] thread ID 15280 not found in process
[0729/171905.497:WARNING:crash_report_exception_handler.cc(62)] ProcessSnapshotWin::Initialize failed
[0729/171905.497:ERROR:scoped_process_suspend.cc(39)] NtResumeProcess: Podjêto próbê uzyskania dostêpu do procesu koñcz¹cego dzia³anie.  (0xc000010a)
[0729/171911.899:WARNING:chrome_main_delegate.cc(569)] final extension: .discordbot
[0729/171912.250:WARNING:chrome_main_delegate.cc(569)] final extension: .discordbot
[0729/171912.616:ERROR:process_info.cc(349)] VirtualQueryEx: Odmowa dostêpu. (0x5)
[0729/171912.617:ERROR:process_info.cc(570)] ReadMemoryInfo failed
[0729/171912.619:ERROR:process_reader_win.cc(151)] SuspendThread: Odmowa dostêpu. (0x5)
[0729/171912.619:ERROR:exception_snapshot_win.cc(87)] thread ID 13400 not found in process
[0729/171912.619:WARNING:crash_report_exception_handler.cc(62)] ProcessSnapshotWin::Initialize failed
[0729/171912.619:ERROR:scoped_process_suspend.cc(39)] NtResumeProcess: Podjêto próbê uzyskania dostêpu do procesu koñcz¹cego dzia³anie.  (0xc000010a)
[0729/171913.363:ERROR:settings.cc(263)] Settings version is not 1
[0729/172334.660:WARNING:chrome_main_delegate.cc(569)] final extension: .js
[0729/173054.076:WARNING:chrome_main_delegate.cc(569)] final extension: .js
[0729/173337.436:ERROR:settings.cc(263)] Settings version is not 1
[0729/173505.826:WARNING:chrome_main_delegate.cc(569)] final extension: .js
[0729/174803.386:WARNING:chrome_main_delegate.cc(569)] final extension: .js
[0729/174849.538:WARNING:chrome_main_delegate.cc(569)] final extension: .js
[0729/174857.934:WARNING:chrome_main_delegate.cc(569)] final extension: .js
[0729/174950.000:WARNING:chrome_main_delegate.cc(569)] final extension: .js
[0729/175215.633:WARNING:chrome_main_delegate.cc(569)] final extension: .js
[0729/175245.144:WARNING:chrome_main_delegate.cc(569)] final extension: .js
[0729/175329.807:WARNING:chrome_main_delegate.cc(569)] final extension: .js
[0729/175611.112:WARNING:chrome_main_delegate.cc(569)] final extension: .js
[0729/183951.074:ERROR:settings.cc(263)] Settings version is not 1
[0729/184002.581:WARNING:chrome_main_delegate.cc(569)] final extension: .js
[0729/185925.613:WARNING:chrome_main_delegate.cc(569)] final extension: .js
[0729/190042.415:WARNING:chrome_main_delegate.cc(569)] final extension: .js
[0729/190307.648:WARNING:chrome_main_delegate.cc(569)] final extension: .js
[0729/190753.330:WARNING:chrome_main_delegate.cc(569)] final extension: .js
[0729/194852.431:WARNING:chrome_main_delegate.cc(569)] final extension: .js
[0729/195202.223:WARNING:chrome_main_delegate.cc(569)] final extension: .js
[0729/200259.710:WARNING:chrome_main_delegate.cc(569)] final extension: .js
[0729/200527.282:WARNING:chrome_main_delegate.cc(569)] final extension: .js
[0729/200634.733:WARNING:chrome_main_delegate.cc(569)] final extension: .js
[0729/201219.176:WARNING:chrome_main_delegate.cc(569)] final extension: .js
[0729/201253.438:WARNING:chrome_main_delegate.cc(569)] final extension: .js
[0729/201545.575:WARNING:chrome_main_delegate.cc(569)] final extension: .js
[0729/202418.475:WARNING:chrome_main_delegate.cc(569)] final extension: .js
[0729/202708.749:WARNING:chrome_main_delegate.cc(569)] final extension: .js
[0729/202810.704:WARNING:chrome_main_delegate.cc(569)] final extension: .js
[0729/205538.447:WARNING:chrome_main_delegate.cc(569)] final extension: .js
[0729/210347.152:WARNING:chrome_main_delegate.cc(569)] final extension: .js
[0729/210940.214:WARNING:chrome_main_delegate.cc(569)] final extension: .js
[0729/215319.525:ERROR:settings.cc(263)] Settings version is not 1
[0729/215521.196:WARNING:chrome_main_delegate.cc(569)] final extension: .js
[0729/221408.095:WARNING:chrome_main_delegate.cc(569)] final extension: .js
[0730/143000.281:ERROR:settings.cc(263)] Settings version is not 1
[0730/143216.827:WARNING:chrome_main_delegate.cc(569)] final extension: .js
[0730/145943.001:WARNING:chrome_main_delegate.cc(569)] final extension: .js
[0730/160903.390:WARNING:chrome_main_delegate.cc(569)] final extension: .js
[0730/160923.799:WARNING:chrome_main_delegate.cc(569)] final extension: .js
[0730/161059.361:WARNING:chrome_main_delegate.cc(569)] final extension: .js
[0730/161134.129:WARNING:chrome_main_delegate.cc(569)] final extension: .js
[0730/174346.128:ERROR:settings.cc(263)] Settings version is not 1
[0730/181021.917:ERROR:settings.cc(263)] Settings version is not 1
[0730/195140.740:ERROR:settings.cc(263)] Settings version is not 1
[0730/195146.611:WARNING:chrome_main_delegate.cc(569)] final extension: .js
[0730/195501.004:WARNING:chrome_main_delegate.cc(569)] final extension: .js
[0730/230846.846:ERROR:settings.cc(263)] Settings version is not 1
[0730/231126.704:ERROR:settings.cc(263)] Settings version is not 1
[0730/231301.592:WARNING:chrome_main_delegate.cc(569)] final extension: .js
[0730/231440.932:WARNING:chrome_main_delegate.cc(569)] final extension: .js
[0730/232039.417:WARNING:chrome_main_delegate.cc(569)] final extension: .js
[0731/000147.521:ERROR:settings.cc(263)] Settings version is not 1
[0731/000228.418:WARNING:chrome_main_delegate.cc(569)] final extension: .js
[0731/000308.227:WARNING:chrome_main_delegate.cc(569)] final extension: .js
[0731/000322.552:WARNING:chrome_main_delegate.cc(569)] final extension: .js
[0731/015052.216:ERROR:settings.cc(263)] Settings version is not 1
[0731/015801.369:ERROR:settings.cc(263)] Settings version is not 1
[0731/015849.473:WARNING:chrome_main_delegate.cc(569)] final extension: .js
[0731/015947.953:WARNING:chrome_main_delegate.cc(569)] final extension: .js
[0731/020046.699:WARNING:chrome_main_delegate.cc(569)] final extension: .js
[0731/020402.673:WARNING:chrome_main_delegate.cc(569)] final extension: .js
[0731/020457.439:WARNING:chrome_main_delegate.cc(569)] final extension: .js
[0731/022205.498:ERROR:settings.cc(263)] Settings version is not 1
[0731/022245.183:WARNING:chrome_main_delegate.cc(569)] final extension: .js
[0731/141620.545:ERROR:settings.cc(263)] Settings version is not 1
[0731/142256.038:WARNING:chrome_main_delegate.cc(569)] final extension: .js
[0809/180811.981:ERROR:settings.cc(263)] Settings version is not 1
[0809/182056.584:ERROR:settings.cc(263)] Settings version is not 1
[0809/182205.362:WARNING:chrome_main_delegate.cc(569)] final extension: .js
[0928/145328.371:WARNING:chrome_main_delegate.cc(569)] final extension: .discordbot
[0928/145331.436:WARNING:chrome_main_delegate.cc(569)] final extension: .discordbot
[0928/145332.292:ERROR:process_reader_win.cc(182)] ResumeThread: Parametr jest niepoprawny. (0x57)
[0928/145332.293:ERROR:process_reader_win.cc(151)] SuspendThread: Odmowa dostêpu. (0x5)
[0928/145332.293:ERROR:process_reader_win.cc(151)] SuspendThread: Odmowa dostêpu. (0x5)
[0928/145332.293:ERROR:process_reader_win.cc(151)] SuspendThread: Odmowa dostêpu. (0x5)
[0928/145332.293:ERROR:process_reader_win.cc(151)] SuspendThread: Odmowa dostêpu. (0x5)
[0928/145332.293:ERROR:process_reader_win.cc(151)] SuspendThread: Odmowa dostêpu. (0x5)
[0928/145332.293:ERROR:process_reader_win.cc(151)] SuspendThread: Odmowa dostêpu. (0x5)
[0928/145332.293:ERROR:process_reader_win.cc(151)] SuspendThread: Odmowa dostêpu. (0x5)
[0928/145332.293:ERROR:process_reader_win.cc(151)] SuspendThread: Odmowa dostêpu. (0x5)
[0928/145332.293:ERROR:process_reader_win.cc(151)] SuspendThread: Odmowa dostêpu. (0x5)
[0928/145332.293:ERROR:process_reader_win.cc(151)] SuspendThread: Odmowa dostêpu. (0x5)
[0928/145332.293:ERROR:process_reader_win.cc(151)] SuspendThread: Odmowa dostêpu. (0x5)
[0928/145332.293:ERROR:process_reader_win.cc(151)] SuspendThread: Odmowa dostêpu. (0x5)
[0928/145332.293:ERROR:process_reader_win.cc(151)] SuspendThread: Odmowa dostêpu. (0x5)
[0928/145332.293:ERROR:process_reader_win.cc(151)] SuspendThread: Odmowa dostêpu. (0x5)
[0928/145332.293:ERROR:process_reader_win.cc(151)] SuspendThread: Odmowa dostêpu. (0x5)
[0928/145332.293:ERROR:process_reader_win.cc(151)] SuspendThread: Odmowa dostêpu. (0x5)
[0928/145332.293:ERROR:process_reader_win.cc(151)] SuspendThread: Odmowa dostêpu. (0x5)
[0928/145332.293:ERROR:process_reader_win.cc(151)] SuspendThread: Odmowa dostêpu. (0x5)
[0928/145332.293:ERROR:process_reader_win.cc(151)] SuspendThread: Odmowa dostêpu. (0x5)
[0928/145332.293:ERROR:exception_snapshot_win.cc(87)] thread ID 1080 not found in process
[0928/145332.293:WARNING:crash_report_exception_handler.cc(62)] ProcessSnapshotWin::Initialize failed
[1002/223526.474:ERROR:settings.cc(263)] Settings version is not 1
[1002/224141.809:WARNING:chrome_main_delegate.cc(569)] final extension: .js
[1002/224534.648:WARNING:chrome_main_delegate.cc(569)] final extension: .js
[1002/224608.654:WARNING:chrome_main_delegate.cc(569)] final extension: .js
[1002/224714.164:WARNING:chrome_main_delegate.cc(569)] final extension: .js
[1002/225027.372:WARNING:chrome_main_delegate.cc(569)] final extension: .js
[1002/225056.542:WARNING:chrome_main_delegate.cc(569)] final extension: .js
[1002/225624.080:WARNING:chrome_main_delegate.cc(569)] final extension: .js
[1002/225802.636:WARNING:chrome_main_delegate.cc(569)] final extension: .js
[1002/225829.724:WARNING:chrome_main_delegate.cc(569)] final extension: .js
[1002/230025.434:WARNING:chrome_main_delegate.cc(569)] final extension: .js
[1002/230106.059:WARNING:chrome_main_delegate.cc(569)] final extension: .js
[1002/230255.387:WARNING:chrome_main_delegate.cc(569)] final extension: .js
[1002/230426.818:WARNING:chrome_main_delegate.cc(569)] final extension: .js
[1002/230448.309:WARNING:chrome_main_delegate.cc(569)] final extension: .js
[1002/230648.631:WARNING:chrome_main_delegate.cc(569)] final extension: .js
[1002/230911.154:WARNING:chrome_main_delegate.cc(569)] final extension: .js
[1002/231004.220:WARNING:chrome_main_delegate.cc(569)] final extension: .js
[1002/231238.558:WARNING:chrome_main_delegate.cc(569)] final extension: .js
[1002/231356.894:WARNING:chrome_main_delegate.cc(569)] final extension: .js
[1002/231556.944:WARNING:chrome_main_delegate.cc(569)] final extension: .js
[1002/231751.342:WARNING:chrome_main_delegate.cc(569)] final extension: .js
[1002/231923.873:WARNING:chrome_main_delegate.cc(569)] final extension: .js
[1002/232115.157:WARNING:chrome_main_delegate.cc(569)] final extension: .js
[1003/091142.464:ERROR:settings.cc(263)] Settings version is not 1
[1003/091155.774:WARNING:chrome_main_delegate.cc(569)] final extension: .js
[1003/091259.025:ERROR:http_transport_win.cc(170)] WinHttpCrackUrl: Adres URL nie korzysta z rozpoznawanego protoko³u.  (0x2ee6)
[1003/091311.999:WARNING:chrome_main_delegate.cc(569)] final extension: .js
[1003/092328.391:WARNING:chrome_main_delegate.cc(569)] final extension: .js
[1003/093943.190:WARNING:chrome_main_delegate.cc(569)] final extension: .js
[1003/100523.614:WARNING:chrome_main_delegate.cc(569)] final extension: .js
[1003/100627.843:WARNING:chrome_main_delegate.cc(569)] final extension: .js
[1003/185608.630:ERROR:settings.cc(263)] Settings version is not 1
[1015/173729.435:ERROR:settings.cc(263)] Settings version is not 1
[1015/193900.196:ERROR:settings.cc(263)] Settings version is not 1
[1015/194525.346:WARNING:chrome_main_delegate.cc(569)] final extension: .js
[0310/171205.892:ERROR:settings.cc(263)] Settings version is not 1
[0310/171457.909:WARNING:chrome_main_delegate.cc(569)] final extension: .js
[0310/171527.503:WARNING:chrome_main_delegate.cc(569)] final extension: .js
[0310/171558.812:WARNING:chrome_main_delegate.cc(569)] final extension: .js
[0310/171618.923:WARNING:chrome_main_delegate.cc(569)] final extension: .js
[0310/171846.200:WARNING:chrome_main_delegate.cc(569)] final extension: .js
[0310/184544.511:WARNING:chrome_main_delegate.cc(569)] final extension: .discordbot
[0319/103736.249:ERROR:settings.cc(263)] Settings version is not 1
[0319/214427.823:ERROR:settings.cc(263)] Settings version is not 1
[0319/215115.976:WARNING:chrome_main_delegate.cc(569)] final extension: .js
[0319/221659.608:ERROR:settings.cc(263)] Settings version is not 1
[0319/222205.912:WARNING:chrome_main_delegate.cc(569)] final extension: .js
[0319/222222.284:WARNING:chrome_main_delegate.cc(569)] final extension: .js
[0319/223544.106:WARNING:chrome_main_delegate.cc(569)] final extension: .js
[0319/223749.175:WARNING:chrome_main_delegate.cc(569)] final extension: .js
[0319/224235.921:WARNING:chrome_main_delegate.cc(569)] final extension: .js
[0320/191120.573:ERROR:settings.cc(263)] Settings version is not 1
[0320/191924.220:WARNING:chrome_main_delegate.cc(569)] final extension: .js
[0320/193747.862:WARNING:chrome_main_delegate.cc(569)] final extension: .js
[0320/193820.077:WARNING:chrome_main_delegate.cc(569)] final extension: .js
[0320/193950.577:WARNING:chrome_main_delegate.cc(569)] final extension: .js
[0320/194031.655:WARNING:chrome_main_delegate.cc(569)] final extension: .js
[0320/194109.038:WARNING:chrome_main_delegate.cc(569)] final extension: .js
[0320/194127.732:WARNING:chrome_main_delegate.cc(569)] final extension: .js
[0320/195009.605:WARNING:chrome_main_delegate.cc(569)] final extension: .js
[0320/195038.947:WARNING:chrome_main_delegate.cc(569)] final extension: .js
[0320/195210.485:WARNING:chrome_main_delegate.cc(569)] final extension: .js
[0320/195426.060:WARNING:chrome_main_delegate.cc(569)] final extension: .js
[0320/195527.763:WARNING:chrome_main_delegate.cc(569)] final extension: .js
[0320/195647.856:WARNING:chrome_main_delegate.cc(569)] final extension: .js
[0320/195840.710:WARNING:chrome_main_delegate.cc(569)] final extension: .js
[0320/200113.554:WARNING:chrome_main_delegate.cc(569)] final extension: .js
[0320/200139.624:WARNING:chrome_main_delegate.cc(569)] final extension: .js
[0320/200244.032:WARNING:chrome_main_delegate.cc(569)] final extension: .js
[0320/200420.437:WARNING:chrome_main_delegate.cc(569)] final extension: .js
[0320/200513.590:WARNING:chrome_main_delegate.cc(569)] final extension: .js
[0320/200614.665:WARNING:chrome_main_delegate.cc(569)] final extension: .js
[0320/200802.922:WARNING:chrome_main_delegate.cc(569)] final extension: .js
[0320/201117.796:WARNING:chrome_main_delegate.cc(569)] final extension: .js
[0320/201626.411:WARNING:chrome_main_delegate.cc(569)] final extension: .js
[0320/201708.211:WARNING:chrome_main_delegate.cc(569)] final extension: .js
[0320/201914.342:WARNING:chrome_main_delegate.cc(569)] final extension: .js
[0321/000946.794:ERROR:settings.cc(263)] Settings version is not 1
[0321/000955.690:WARNING:chrome_main_delegate.cc(569)] final extension: .js
[0321/001233.114:WARNING:chrome_main_delegate.cc(569)] final extension: .js
[0321/001709.980:WARNING:chrome_main_delegate.cc(569)] final extension: .js
[0321/002117.752:WARNING:chrome_main_delegate.cc(569)] final extension: .js
[0321/002228.379:WARNING:chrome_main_delegate.cc(569)] final extension: .js
[0321/002317.739:WARNING:chrome_main_delegate.cc(569)] final extension: .js
[0321/002355.500:WARNING:chrome_main_delegate.cc(569)] final extension: .js
[0321/002426.232:WARNING:chrome_main_delegate.cc(569)] final extension: .js
[0321/002514.314:WARNING:chrome_main_delegate.cc(569)] final extension: .js
[0321/002534.403:WARNING:chrome_main_delegate.cc(569)] final extension: .js
[0321/002718.908:WARNING:chrome_main_delegate.cc(569)] final extension: .js
[0321/002737.679:WARNING:chrome_main_delegate.cc(569)] final extension: .js
[0321/002824.719:WARNING:chrome_main_delegate.cc(569)] final extension: .js
[0321/003316.827:WARNING:chrome_main_delegate.cc(569)] final extension: .js
[0321/010233.706:WARNING:chrome_main_delegate.cc(569)] final extension: .js
[0321/021658.419:WARNING:chrome_main_delegate.cc(569)] final extension: .js
[0321/021706.309:WARNING:chrome_main_delegate.cc(569)] final extension: .js
[0321/021730.806:ERROR:settings.cc(325)] Settings version is not 1
[0321/022859.091:ERROR:settings.cc(263)] Settings version is not 1
[0321/125454.830:ERROR:settings.cc(263)] Settings version is not 1
[0321/152856.212:ERROR:settings.cc(263)] Settings version is not 1
[0321/163454.933:ERROR:settings.cc(263)] Settings version is not 1
[0321/171432.367:ERROR:settings.cc(263)] Settings version is not 1
[0321/185452.650:ERROR:settings.cc(263)] Settings version is not 1
[0321/192232.027:ERROR:settings.cc(263)] Settings version is not 1
[0321/192741.308:ERROR:settings.cc(263)] Settings version is not 1
[0321/200122.171:ERROR:settings.cc(263)] Settings version is not 1
[0321/215817.105:ERROR:settings.cc(263)] Settings version is not 1
[0322/000834.692:ERROR:settings.cc(263)] Settings version is not 1
[0322/004246.991:ERROR:settings.cc(263)] Settings version is not 1
[0322/133956.754:ERROR:settings.cc(263)] Settings version is not 1
[0322/175538.172:ERROR:settings.cc(263)] Settings version is not 1
[0322/181247.890:ERROR:settings.cc(325)] Settings version is not 1
[0322/183121.750:ERROR:process_reader_win.cc(151)] SuspendThread: Odmowa dostêpu. (0x5)
[0322/183121.752:ERROR:process_reader_win.cc(151)] SuspendThread: Odmowa dostêpu. (0x5)
[0322/183121.752:ERROR:process_reader_win.cc(151)] SuspendThread: Odmowa dostêpu. (0x5)
[0322/183121.752:ERROR:exception_snapshot_win.cc(87)] thread ID 8624 not found in process
[0322/183121.752:WARNING:crash_report_exception_handler.cc(62)] ProcessSnapshotWin::Initialize failed
